AH00558: apache2: Could not reliably determine the server's fully qualified domain name, using 172.23.0.4. Set the 'ServerName' directive globally to suppress this message
[Sun Apr 14 07:38:40.203751 2019] [mpm_prefork:notice] [pid 8] AH00163: Apache/2.4.25 (Debian) PHP/7.1.20 configured -- resuming normal operations
[Sun Apr 14 07:38:40.203785 2019] [core:notice] [pid 8] AH00094: Command line: '/usr/sbin/apache2 -D FOREGROUND'
[Sun Apr 14 07:40:50.433713 2019] [autoindex:error] [pid 14] [client 172.23.0.1:36050] AH01276: Cannot serve directory /var/www/html/: No matching DirectoryIndex (index.php,index.html) found, and server-generated directory index forbidden by Options directive
AH00558: apache2: Could not reliably determine the server's fully qualified domain name, using 172.24.0.5. Set the 'ServerName' directive globally to suppress this message
[Mon Apr 15 06:48:25.654666 2019] [mpm_prefork:notice] [pid 8] AH00163: Apache/2.4.25 (Debian) PHP/7.1.20 configured -- resuming normal operations
[Mon Apr 15 06:48:25.655168 2019] [core:notice] [pid 8] AH00094: Command line: '/usr/sbin/apache2 -D FOREGROUND'
[Mon Apr 15 06:56:31.038956 2019] [autoindex:error] [pid 13] [client 172.24.0.1:46180] AH01276: Cannot serve directory /var/www/html/: No matching DirectoryIndex (index.php,index.html) found, and server-generated directory index forbidden by Options directive
[Mon Apr 15 06:57:25.062095 2019] [autoindex:error] [pid 12] [client 172.24.0.1:46202] AH01276: Cannot serve directory /var/www/html/: No matching DirectoryIndex (index.php,index.html) found, and server-generated directory index forbidden by Options directive
AH00558: apache2: Could not reliably determine the server's fully qualified domain name, using 172.24.0.4. Set the 'ServerName' directive globally to suppress this message
[Mon Apr 15 06:58:43.260454 2019] [core:warn] [pid 8] AH00098: pid file /var/run/apache2/apache2.pid overwritten -- Unclean shutdown of previous Apache run?
[Mon Apr 15 06:58:43.262119 2019] [mpm_prefork:notice] [pid 8] AH00163: Apache/2.4.25 (Debian) PHP/7.1.20 configured -- resuming normal operations
[Mon Apr 15 06:58:43.262135 2019] [core:notice] [pid 8] AH00094: Command line: '/usr/sbin/apache2 -D FOREGROUND'
AH00558: apache2: Could not reliably determine the server's fully qualified domain name, using 172.24.0.4. Set the 'ServerName' directive globally to suppress this message
[Tue Apr 16 12:26:05.940477 2019] [core:warn] [pid 8] AH00098: pid file /var/run/apache2/apache2.pid overwritten -- Unclean shutdown of previous Apache run?
[Tue Apr 16 12:26:05.942411 2019] [mpm_prefork:notice] [pid 8] AH00163: Apache/2.4.25 (Debian) PHP/7.1.20 configured -- resuming normal operations
[Tue Apr 16 12:26:05.942429 2019] [core:notice] [pid 8] AH00094: Command line: '/usr/sbin/apache2 -D FOREGROUND'
[Tue Apr 16 12:26:22.314866 2019] [core:error] [pid 9] [client 172.24.0.1:60314] AH00124: Request exceeded the limit of 10 internal redirects due to probable configuration error. Use 'LimitInternalRecursion' to increase the limit if necessary. Use 'LogLevel debug' to get a backtrace.
[Tue Apr 16 12:26:22.347825 2019] [core:error] [pid 10] [client 172.24.0.1:60322] AH00124: Request exceeded the limit of 10 internal redirects due to probable configuration error. Use 'LimitInternalRecursion' to increase the limit if necessary. Use 'LogLevel debug' to get a backtrace., referer: http://localhost/
[Tue Apr 16 12:27:45.494654 2019] [autoindex:error] [pid 12] [client 172.24.0.1:60346] AH01276: Cannot serve directory /var/www/html/: No matching DirectoryIndex (index.php,index.html) found, and server-generated directory index forbidden by Options directive
[Tue Apr 16 12:27:55.794733 2019] [core:error] [pid 9] [client 172.24.0.1:60356] AH00124: Request exceeded the limit of 10 internal redirects due to probable configuration error. Use 'LimitInternalRecursion' to increase the limit if necessary. Use 'LogLevel debug' to get a backtrace.
[Tue Apr 16 12:28:11.435320 2019] [core:error] [pid 11] [client 172.24.0.1:60364] AH00124: Request exceeded the limit of 10 internal redirects due to probable configuration error. Use 'LimitInternalRecursion' to increase the limit if necessary. Use 'LogLevel debug' to get a backtrace.
[Tue Apr 16 12:29:16.147652 2019] [core:error] [pid 12] [client 172.24.0.1:60372] AH00124: Request exceeded the limit of 10 internal redirects due to probable configuration error. Use 'LimitInternalRecursion' to increase the limit if necessary. Use 'LogLevel debug' to get a backtrace.
[Tue Apr 16 12:29:18.448263 2019] [core:error] [pid 13] [client 172.24.0.1:60370] AH00124: Request exceeded the limit of 10 internal redirects due to probable configuration error. Use 'LimitInternalRecursion' to increase the limit if necessary. Use 'LogLevel debug' to get a backtrace.
[Tue Apr 16 12:29:19.226163 2019] [core:error] [pid 9] [client 172.24.0.1:60376] AH00124: Request exceeded the limit of 10 internal redirects due to probable configuration error. Use 'LimitInternalRecursion' to increase the limit if necessary. Use 'LogLevel debug' to get a backtrace.
[Tue Apr 16 12:29:19.708637 2019] [core:error] [pid 10] [client 172.24.0.1:60380] AH00124: Request exceeded the limit of 10 internal redirects due to probable configuration error. Use 'LimitInternalRecursion' to increase the limit if necessary. Use 'LogLevel debug' to get a backtrace.
[Tue Apr 16 12:29:20.021157 2019] [core:error] [pid 11] [client 172.24.0.1:60384] AH00124: Request exceeded the limit of 10 internal redirects due to probable configuration error. Use 'LimitInternalRecursion' to increase the limit if necessary. Use 'LogLevel debug' to get a backtrace.
[Tue Apr 16 12:29:20.239312 2019] [core:error] [pid 14] [client 172.24.0.1:60388] AH00124: Request exceeded the limit of 10 internal redirects due to probable configuration error. Use 'LimitInternalRecursion' to increase the limit if necessary. Use 'LogLevel debug' to get a backtrace.
[Tue Apr 16 12:29:20.438776 2019] [core:error] [pid 12] [client 172.24.0.1:60392] AH00124: Request exceeded the limit of 10 internal redirects due to probable configuration error. Use 'LimitInternalRecursion' to increase the limit if necessary. Use 'LogLevel debug' to get a backtrace.
[Tue Apr 16 12:34:10.870159 2019] [core:alert] [pid 9] [client 172.24.0.1:60426] /var/www/html/webroot/.htaccess: RewriteRule: bad flag delimiters
[Tue Apr 16 12:34:11.953626 2019] [core:alert] [pid 10] [client 172.24.0.1:60430] /var/www/html/webroot/.htaccess: RewriteRule: bad flag delimiters
[Tue Apr 16 12:34:12.586478 2019] [core:alert] [pid 11] [client 172.24.0.1:60434] /var/www/html/webroot/.htaccess: RewriteRule: bad flag delimiters
[Tue Apr 16 12:34:37.388313 2019] [core:alert] [pid 12] [client 172.24.0.1:60444] /var/www/html/webroot/.htaccess: RewriteRule: bad flag delimiters
[Tue Apr 16 12:34:39.598908 2019] [core:alert] [pid 13] [client 172.24.0.1:60446] /var/www/html/webroot/.htaccess: RewriteRule: bad flag delimiters
[Tue Apr 16 12:37:12.746356 2019] [core:alert] [pid 10] [client 172.24.0.1:60462] /var/www/html/webroot/.htaccess: RewriteRule: bad flag delimiters
[Tue Apr 16 12:37:14.477250 2019] [core:alert] [pid 11] [client 172.24.0.1:60466] /var/www/html/webroot/.htaccess: RewriteRule: bad flag delimiters
[Tue Apr 16 12:37:22.110763 2019] [core:alert] [pid 14] [client 172.24.0.1:60470] /var/www/html/webroot/.htaccess: RewriteRule: bad flag delimiters
[Tue Apr 16 12:40:00.558613 2019] [core:alert] [pid 13] [client 172.24.0.1:60490] /var/www/html/webroot/.htaccess: RewriteRule: bad flag delimiters
[Tue Apr 16 12:40:01.515741 2019] [core:alert] [pid 9] [client 172.24.0.1:60492] /var/www/html/webroot/.htaccess: RewriteRule: bad flag delimiters
[Tue Apr 16 12:40:01.972478 2019] [core:alert] [pid 10] [client 172.24.0.1:60498] /var/www/html/webroot/.htaccess: RewriteRule: bad flag delimiters
[Tue Apr 16 12:40:42.527247 2019] [core:alert] [pid 14] [client 172.24.0.1:60514] /var/www/html/webroot/.htaccess: RewriteRule: bad flag delimiters
[Tue Apr 16 12:40:54.044946 2019] [core:alert] [pid 13] [client 172.24.0.1:60522] /var/www/html/webroot/.htaccess: RewriteRule: bad flag delimiters
[Tue Apr 16 12:42:25.206627 2019] [core:alert] [pid 10] [client 172.24.0.1:60530] /var/www/html/webroot/.htaccess: RewriteRule: bad flag delimiters
[Tue Apr 16 13:08:04.259463 2019] [autoindex:error] [pid 10] [client 172.24.0.1:60886] AH01276: Cannot serve directory /var/www/html/webroot/css/: No matching DirectoryIndex (index.php,index.html) found, and server-generated directory index forbidden by Options directive
AH00558: apache2: Could not reliably determine the server's fully qualified domain name, using 172.24.0.4. Set the 'ServerName' directive globally to suppress this message
[Wed Apr 17 06:08:44.262501 2019] [core:warn] [pid 9] AH00098: pid file /var/run/apache2/apache2.pid overwritten -- Unclean shutdown of previous Apache run?
[Wed Apr 17 06:08:44.268856 2019] [mpm_prefork:notice] [pid 9] AH00163: Apache/2.4.25 (Debian) PHP/7.1.20 configured -- resuming normal operations
[Wed Apr 17 06:08:44.268916 2019] [core:notice] [pid 9] AH00094: Command line: '/usr/sbin/apache2 -D FOREGROUND'
AH00558: apache2: Could not reliably determine the server's fully qualified domain name, using 172.24.0.4. Set the 'ServerName' directive globally to suppress this message
[Thu Apr 18 15:17:34.486359 2019] [core:warn] [pid 8] AH00098: pid file /var/run/apache2/apache2.pid overwritten -- Unclean shutdown of previous Apache run?
[Thu Apr 18 15:17:34.491858 2019] [mpm_prefork:notice] [pid 8] AH00163: Apache/2.4.25 (Debian) PHP/7.1.20 configured -- resuming normal operations
[Thu Apr 18 15:17:34.491910 2019] [core:notice] [pid 8] AH00094: Command line: '/usr/sbin/apache2 -D FOREGROUND'
AH00558: apache2: Could not reliably determine the server's fully qualified domain name, using 172.24.0.4. Set the 'ServerName' directive globally to suppress this message
[Fri Apr 19 15:36:12.897818 2019] [core:warn] [pid 8] AH00098: pid file /var/run/apache2/apache2.pid overwritten -- Unclean shutdown of previous Apache run?
[Fri Apr 19 15:36:12.903400 2019] [mpm_prefork:notice] [pid 8] AH00163: Apache/2.4.25 (Debian) PHP/7.1.20 configured -- resuming normal operations
[Fri Apr 19 15:36:12.903458 2019] [core:notice] [pid 8] AH00094: Command line: '/usr/sbin/apache2 -D FOREGROUND'
AH00558: apache2: Could not reliably determine the server's fully qualified domain name, using 172.24.0.5. Set the 'ServerName' directive globally to suppress this message
[Sat Apr 20 08:05:01.359532 2019] [core:warn] [pid 8] AH00098: pid file /var/run/apache2/apache2.pid overwritten -- Unclean shutdown of previous Apache run?
[Sat Apr 20 08:05:01.365389 2019] [mpm_prefork:notice] [pid 8] AH00163: Apache/2.4.25 (Debian) PHP/7.1.20 configured -- resuming normal operations
[Sat Apr 20 08:05:01.365444 2019] [core:notice] [pid 8] AH00094: Command line: '/usr/sbin/apache2 -D FOREGROUND'
AH00558: apache2: Could not reliably determine the server's fully qualified domain name, using 172.24.0.5. Set the 'ServerName' directive globally to suppress this message
[Mon Apr 22 13:37:20.018499 2019] [core:warn] [pid 8] AH00098: pid file /var/run/apache2/apache2.pid overwritten -- Unclean shutdown of previous Apache run?
[Mon Apr 22 13:37:20.020355 2019] [mpm_prefork:notice] [pid 8] AH00163: Apache/2.4.25 (Debian) PHP/7.1.20 configured -- resuming normal operations
[Mon Apr 22 13:37:20.020369 2019] [core:notice] [pid 8] AH00094: Command line: '/usr/sbin/apache2 -D FOREGROUND'
AH00558: apache2: Could not reliably determine the server's fully qualified domain name, using 172.24.0.4. Set the 'ServerName' directive globally to suppress this message
[Tue Apr 23 12:03:58.787185 2019] [core:warn] [pid 8] AH00098: pid file /var/run/apache2/apache2.pid overwritten -- Unclean shutdown of previous Apache run?
[Tue Apr 23 12:03:58.792791 2019] [mpm_prefork:notice] [pid 8] AH00163: Apache/2.4.25 (Debian) PHP/7.1.20 configured -- resuming normal operations
[Tue Apr 23 12:03:58.792843 2019] [core:notice] [pid 8] AH00094: Command line: '/usr/sbin/apache2 -D FOREGROUND'
AH00558: apache2: Could not reliably determine the server's fully qualified domain name, using 172.24.0.5. Set the 'ServerName' directive globally to suppress this message
[Wed Apr 24 05:46:32.912986 2019] [core:warn] [pid 8] AH00098: pid file /var/run/apache2/apache2.pid overwritten -- Unclean shutdown of previous Apache run?
[Wed Apr 24 05:46:32.917426 2019] [mpm_prefork:notice] [pid 8] AH00163: Apache/2.4.25 (Debian) PHP/7.1.20 configured -- resuming normal operations
[Wed Apr 24 05:46:32.917475 2019] [core:notice] [pid 8] AH00094: Command line: '/usr/sbin/apache2 -D FOREGROUND'
AH00558: apache2: Could not reliably determine the server's fully qualified domain name, using 172.24.0.5. Set the 'ServerName' directive globally to suppress this message
[Thu Apr 25 16:24:18.056045 2019] [core:warn] [pid 8] AH00098: pid file /var/run/apache2/apache2.pid overwritten -- Unclean shutdown of previous Apache run?
[Thu Apr 25 16:24:18.063225 2019] [mpm_prefork:notice] [pid 8] AH00163: Apache/2.4.25 (Debian) PHP/7.1.20 configured -- resuming normal operations
[Thu Apr 25 16:24:18.063287 2019] [core:notice] [pid 8] AH00094: Command line: '/usr/sbin/apache2 -D FOREGROUND'
AH00558: apache2: Could not reliably determine the server's fully qualified domain name, using 172.24.0.4. Set the 'ServerName' directive globally to suppress this message
[Fri Apr 26 05:38:49.942117 2019] [core:warn] [pid 8] AH00098: pid file /var/run/apache2/apache2.pid overwritten -- Unclean shutdown of previous Apache run?
[Fri Apr 26 05:38:49.944701 2019] [mpm_prefork:notice] [pid 8] AH00163: Apache/2.4.25 (Debian) PHP/7.1.20 configured -- resuming normal operations
[Fri Apr 26 05:38:49.944727 2019] [core:notice] [pid 8] AH00094: Command line: '/usr/sbin/apache2 -D FOREGROUND'
AH00558: apache2: Could not reliably determine the server's fully qualified domain name, using 172.24.0.4. Set the 'ServerName' directive globally to suppress this message
[Fri Apr 26 07:59:15.020355 2019] [core:warn] [pid 8] AH00098: pid file /var/run/apache2/apache2.pid overwritten -- Unclean shutdown of previous Apache run?
[Fri Apr 26 07:59:15.022771 2019] [mpm_prefork:notice] [pid 8] AH00163: Apache/2.4.25 (Debian) PHP/7.1.20 configured -- resuming normal operations
[Fri Apr 26 07:59:15.022799 2019] [core:notice] [pid 8] AH00094: Command line: '/usr/sbin/apache2 -D FOREGROUND'
AH00558: apache2: Could not reliably determine the server's fully qualified domain name, using 172.24.0.4. Set the 'ServerName' directive globally to suppress this message
[Sat Apr 27 06:52:59.244468 2019] [core:warn] [pid 8] AH00098: pid file /var/run/apache2/apache2.pid overwritten -- Unclean shutdown of previous Apache run?
[Sat Apr 27 06:52:59.250104 2019] [mpm_prefork:notice] [pid 8] AH00163: Apache/2.4.25 (Debian) PHP/7.1.20 configured -- resuming normal operations
[Sat Apr 27 06:52:59.250154 2019] [core:notice] [pid 8] AH00094: Command line: '/usr/sbin/apache2 -D FOREGROUND'
AH00558: apache2: Could not reliably determine the server's fully qualified domain name, using 172.24.0.4. Set the 'ServerName' directive globally to suppress this message
[Mon Apr 29 07:02:53.664020 2019] [core:warn] [pid 8] AH00098: pid file /var/run/apache2/apache2.pid overwritten -- Unclean shutdown of previous Apache run?
[Mon Apr 29 07:02:53.665854 2019] [mpm_prefork:notice] [pid 8] AH00163: Apache/2.4.25 (Debian) PHP/7.1.20 configured -- resuming normal operations
[Mon Apr 29 07:02:53.665867 2019] [core:notice] [pid 8] AH00094: Command line: '/usr/sbin/apache2 -D FOREGROUND'
AH00558: apache2: Could not reliably determine the server's fully qualified domain name, using 172.24.0.4. Set the 'ServerName' directive globally to suppress this message
[Wed May 01 06:08:25.111329 2019] [core:warn] [pid 8] AH00098: pid file /var/run/apache2/apache2.pid overwritten -- Unclean shutdown of previous Apache run?
[Wed May 01 06:08:25.116312 2019] [mpm_prefork:notice] [pid 8] AH00163: Apache/2.4.25 (Debian) PHP/7.1.20 configured -- resuming normal operations
[Wed May 01 06:08:25.116360 2019] [core:notice] [pid 8] AH00094: Command line: '/usr/sbin/apache2 -D FOREGROUND'
AH00558: apache2: Could not reliably determine the server's fully qualified domain name, using 172.24.0.5. Set the 'ServerName' directive globally to suppress this message
[Thu May 02 14:43:59.233250 2019] [core:warn] [pid 9] AH00098: pid file /var/run/apache2/apache2.pid overwritten -- Unclean shutdown of previous Apache run?
[Thu May 02 14:43:59.238745 2019] [mpm_prefork:notice] [pid 9] AH00163: Apache/2.4.25 (Debian) PHP/7.1.20 configured -- resuming normal operations
[Thu May 02 14:43:59.238796 2019] [core:notice] [pid 9] AH00094: Command line: '/usr/sbin/apache2 -D FOREGROUND'
AH00558: apache2: Could not reliably determine the server's fully qualified domain name, using 172.24.0.4. Set the 'ServerName' directive globally to suppress this message
[Mon May 06 19:42:43.076826 2019] [mpm_prefork:notice] [pid 8] AH00163: Apache/2.4.25 (Debian) PHP/7.1.20 configured -- resuming normal operations
[Mon May 06 19:42:43.077266 2019] [core:notice] [pid 8] AH00094: Command line: '/usr/sbin/apache2 -D FOREGROUND'
AH00558: apache2: Could not reliably determine the server's fully qualified domain name, using 172.24.0.4. Set the 'ServerName' directive globally to suppress this message
[Tue May 07 07:17:02.665571 2019] [core:warn] [pid 8] AH00098: pid file /var/run/apache2/apache2.pid overwritten -- Unclean shutdown of previous Apache run?
[Tue May 07 07:17:02.667334 2019] [mpm_prefork:notice] [pid 8] AH00163: Apache/2.4.25 (Debian) PHP/7.1.20 configured -- resuming normal operations
[Tue May 07 07:17:02.667346 2019] [core:notice] [pid 8] AH00094: Command line: '/usr/sbin/apache2 -D FOREGROUND'
AH00558: apache2: Could not reliably determine the server's fully qualified domain name, using 172.24.0.4. Set the 'ServerName' directive globally to suppress this message
[Tue May 07 10:43:26.435108 2019] [core:warn] [pid 8] AH00098: pid file /var/run/apache2/apache2.pid overwritten -- Unclean shutdown of previous Apache run?
[Tue May 07 10:43:26.436807 2019] [mpm_prefork:notice] [pid 8] AH00163: Apache/2.4.25 (Debian) PHP/7.1.20 configured -- resuming normal operations
[Tue May 07 10:43:26.436828 2019] [core:notice] [pid 8] AH00094: Command line: '/usr/sbin/apache2 -D FOREGROUND'
AH00558: apache2: Could not reliably determine the server's fully qualified domain name, using 172.24.0.5. Set the 'ServerName' directive globally to suppress this message
[Tue May 07 11:04:12.322704 2019] [mpm_prefork:notice] [pid 8] AH00163: Apache/2.4.25 (Debian) PHP/7.1.20 configured -- resuming normal operations
[Tue May 07 11:04:12.322736 2019] [core:notice] [pid 8] AH00094: Command line: '/usr/sbin/apache2 -D FOREGROUND'
AH00558: apache2: Could not reliably determine the server's fully qualified domain name, using 172.24.0.4. Set the 'ServerName' directive globally to suppress this message
[Tue May 07 11:06:11.874090 2019] [mpm_prefork:notice] [pid 8] AH00163: Apache/2.4.25 (Debian) PHP/7.1.20 configured -- resuming normal operations
[Tue May 07 11:06:11.874122 2019] [core:notice] [pid 8] AH00094: Command line: '/usr/sbin/apache2 -D FOREGROUND'
AH00558: apache2: Could not reliably determine the server's fully qualified domain name, using 172.24.0.5. Set the 'ServerName' directive globally to suppress this message
[Tue May 07 11:08:02.928084 2019] [mpm_prefork:notice] [pid 8] AH00163: Apache/2.4.25 (Debian) PHP/7.1.20 configured -- resuming normal operations
[Tue May 07 11:08:02.928122 2019] [core:notice] [pid 8] AH00094: Command line: '/usr/sbin/apache2 -D FOREGROUND'
AH00558: apache2: Could not reliably determine the server's fully qualified domain name, using 172.24.0.5. Set the 'ServerName' directive globally to suppress this message
[Tue May 07 11:12:14.520103 2019] [mpm_prefork:notice] [pid 8] AH00163: Apache/2.4.25 (Debian) PHP/7.1.20 configured -- resuming normal operations
[Tue May 07 11:12:14.520145 2019] [core:notice] [pid 8] AH00094: Command line: '/usr/sbin/apache2 -D FOREGROUND'
AH00558: apache2: Could not reliably determine the server's fully qualified domain name, using 172.24.0.5. Set the 'ServerName' directive globally to suppress this message
[Sat May 18 10:56:14.069872 2019] [core:warn] [pid 9] AH00098: pid file /var/run/apache2/apache2.pid overwritten -- Unclean shutdown of previous Apache run?
[Sat May 18 10:56:14.072351 2019] [mpm_prefork:notice] [pid 9] AH00163: Apache/2.4.25 (Debian) PHP/7.1.20 configured -- resuming normal operations
[Sat May 18 10:56:14.072404 2019] [core:notice] [pid 9] AH00094: Command line: '/usr/sbin/apache2 -D FOREGROUND'
AH00558: apache2: Could not reliably determine the server's fully qualified domain name, using 172.24.0.4. Set the 'ServerName' directive globally to suppress this message
[Sun May 19 08:35:58.266863 2019] [core:warn] [pid 8] AH00098: pid file /var/run/apache2/apache2.pid overwritten -- Unclean shutdown of previous Apache run?
[Sun May 19 08:35:58.270332 2019] [mpm_prefork:notice] [pid 8] AH00163: Apache/2.4.25 (Debian) PHP/7.1.20 configured -- resuming normal operations
[Sun May 19 08:35:58.270359 2019] [core:notice] [pid 8] AH00094: Command line: '/usr/sbin/apache2 -D FOREGROUND'
AH00558: apache2: Could not reliably determine the server's fully qualified domain name, using 172.24.0.4. Set the 'ServerName' directive globally to suppress this message
[Sun May 19 10:31:01.987434 2019] [core:warn] [pid 8] AH00098: pid file /var/run/apache2/apache2.pid overwritten -- Unclean shutdown of previous Apache run?
[Sun May 19 10:31:01.989062 2019] [mpm_prefork:notice] [pid 8] AH00163: Apache/2.4.25 (Debian) PHP/7.1.20 configured -- resuming normal operations
[Sun May 19 10:31:01.989076 2019] [core:notice] [pid 8] AH00094: Command line: '/usr/sbin/apache2 -D FOREGROUND'
AH00558: apache2: Could not reliably determine the server's fully qualified domain name, using 172.24.0.4. Set the 'ServerName' directive globally to suppress this message
[Mon May 20 06:43:19.393557 2019] [core:warn] [pid 8] AH00098: pid file /var/run/apache2/apache2.pid overwritten -- Unclean shutdown of previous Apache run?
[Mon May 20 06:43:19.395997 2019] [mpm_prefork:notice] [pid 8] AH00163: Apache/2.4.25 (Debian) PHP/7.1.20 configured -- resuming normal operations
[Mon May 20 06:43:19.396024 2019] [core:notice] [pid 8] AH00094: Command line: '/usr/sbin/apache2 -D FOREGROUND'
AH00558: apache2: Could not reliably determine the server's fully qualified domain name, using 172.24.0.4. Set the 'ServerName' directive globally to suppress this message
[Mon May 20 09:50:43.258968 2019] [core:warn] [pid 8] AH00098: pid file /var/run/apache2/apache2.pid overwritten -- Unclean shutdown of previous Apache run?
[Mon May 20 09:50:43.261945 2019] [mpm_prefork:notice] [pid 8] AH00163: Apache/2.4.25 (Debian) PHP/7.1.20 configured -- resuming normal operations
[Mon May 20 09:50:43.261978 2019] [core:notice] [pid 8] AH00094: Command line: '/usr/sbin/apache2 -D FOREGROUND'
AH00558: apache2: Could not reliably determine the server's fully qualified domain name, using 172.24.0.5. Set the 'ServerName' directive globally to suppress this message
[Tue Jun 11 11:26:18.921004 2019] [core:warn] [pid 10] AH00098: pid file /var/run/apache2/apache2.pid overwritten -- Unclean shutdown of previous Apache run?
[Tue Jun 11 11:26:18.926427 2019] [mpm_prefork:notice] [pid 10] AH00163: Apache/2.4.25 (Debian) PHP/7.1.20 configured -- resuming normal operations
[Tue Jun 11 11:26:18.926474 2019] [core:notice] [pid 10] AH00094: Command line: '/usr/sbin/apache2 -D FOREGROUND'
AH00558: apache2: Could not reliably determine the server's fully qualified domain name, using 172.24.0.5. Set the 'ServerName' directive globally to suppress this message
[Wed Jun 12 19:29:52.342787 2019] [core:warn] [pid 8] AH00098: pid file /var/run/apache2/apache2.pid overwritten -- Unclean shutdown of previous Apache run?
[Wed Jun 12 19:29:52.346037 2019] [mpm_prefork:notice] [pid 8] AH00163: Apache/2.4.25 (Debian) PHP/7.1.20 configured -- resuming normal operations
[Wed Jun 12 19:29:52.346074 2019] [core:notice] [pid 8] AH00094: Command line: '/usr/sbin/apache2 -D FOREGROUND'
AH00558: apache2: Could not reliably determine the server's fully qualified domain name, using 172.24.0.2. Set the 'ServerName' directive globally to suppress this message
[Tue Jul 23 20:09:43.818238 2019] [core:warn] [pid 7] AH00098: pid file /var/run/apache2/apache2.pid overwritten -- Unclean shutdown of previous Apache run?
[Tue Jul 23 20:09:43.820322 2019] [mpm_prefork:notice] [pid 7] AH00163: Apache/2.4.25 (Debian) PHP/7.1.20 configured -- resuming normal operations
[Tue Jul 23 20:09:43.820340 2019] [core:notice] [pid 7] AH00094: Command line: '/usr/sbin/apache2 -D FOREGROUND'
AH00558: apache2: Could not reliably determine the server's fully qualified domain name, using 172.26.0.4. Set the 'ServerName' directive globally to suppress this message
[Fri Aug 09 17:44:45.757206 2019] [mpm_prefork:notice] [pid 7] AH00163: Apache/2.4.25 (Debian) PHP/7.1.20 configured -- resuming normal operations
[Fri Aug 09 17:44:45.757646 2019] [core:notice] [pid 7] AH00094: Command line: '/usr/sbin/apache2 -D FOREGROUND'
[Fri Aug 09 17:47:47.712110 2019] [autoindex:error] [pid 12] [client 172.26.0.1:50988] AH01276: Cannot serve directory /var/www/html/: No matching DirectoryIndex (index.php,index.html) found, and server-generated directory index forbidden by Options directive
AH00558: apache2: Could not reliably determine the server's fully qualified domain name, using 172.26.0.4. Set the 'ServerName' directive globally to suppress this message
[Fri Aug 09 18:43:37.356492 2019] [core:warn] [pid 7] AH00098: pid file /var/run/apache2/apache2.pid overwritten -- Unclean shutdown of previous Apache run?
[Fri Aug 09 18:43:37.358130 2019] [mpm_prefork:notice] [pid 7] AH00163: Apache/2.4.25 (Debian) PHP/7.1.20 configured -- resuming normal operations
[Fri Aug 09 18:43:37.358142 2019] [core:notice] [pid 7] AH00094: Command line: '/usr/sbin/apache2 -D FOREGROUND'
AH00558: apache2: Could not reliably determine the server's fully qualified domain name, using 172.26.0.4. Set the 'ServerName' directive globally to suppress this message
[Sat Aug 10 05:14:13.911314 2019] [core:warn] [pid 7] AH00098: pid file /var/run/apache2/apache2.pid overwritten -- Unclean shutdown of previous Apache run?
[Sat Aug 10 05:14:13.913311 2019] [mpm_prefork:notice] [pid 7] AH00163: Apache/2.4.25 (Debian) PHP/7.1.20 configured -- resuming normal operations
[Sat Aug 10 05:14:13.913328 2019] [core:notice] [pid 7] AH00094: Command line: '/usr/sbin/apache2 -D FOREGROUND'
AH00558: apache2: Could not reliably determine the server's fully qualified domain name, using 172.26.0.5. Set the 'ServerName' directive globally to suppress this message
[Sat Aug 10 10:54:37.253065 2019] [core:warn] [pid 7] AH00098: pid file /var/run/apache2/apache2.pid overwritten -- Unclean shutdown of previous Apache run?
[Sat Aug 10 10:54:37.257221 2019] [mpm_prefork:notice] [pid 7] AH00163: Apache/2.4.25 (Debian) PHP/7.1.20 configured -- resuming normal operations
[Sat Aug 10 10:54:37.257258 2019] [core:notice] [pid 7] AH00094: Command line: '/usr/sbin/apache2 -D FOREGROUND'
AH00558: apache2: Could not reliably determine the server's fully qualified domain name, using 172.26.0.4. Set the 'ServerName' directive globally to suppress this message
[Sun Aug 11 06:32:06.739162 2019] [core:warn] [pid 7] AH00098: pid file /var/run/apache2/apache2.pid overwritten -- Unclean shutdown of previous Apache run?
[Sun Aug 11 06:32:06.744485 2019] [mpm_prefork:notice] [pid 7] AH00163: Apache/2.4.25 (Debian) PHP/7.1.20 configured -- resuming normal operations
[Sun Aug 11 06:32:06.744542 2019] [core:notice] [pid 7] AH00094: Command line: '/usr/sbin/apache2 -D FOREGROUND'
[Sun Aug 11 06:53:25.258194 2019] [autoindex:error] [pid 12] [client 172.26.0.1:33520] AH01276: Cannot serve directory /var/www/html/: No matching DirectoryIndex (index.php,index.html) found, and server-generated directory index forbidden by Options directive
AH00558: apache2: Could not reliably determine the server's fully qualified domain name, using 192.168.48.4. Set the 'ServerName' directive globally to suppress this message
[Sun Aug 11 07:03:05.598243 2019] [mpm_prefork:notice] [pid 7] AH00163: Apache/2.4.25 (Debian) PHP/7.1.20 configured -- resuming normal operations
[Sun Aug 11 07:03:05.598283 2019] [core:notice] [pid 7] AH00094: Command line: '/usr/sbin/apache2 -D FOREGROUND'
AH00558: apache2: Could not reliably determine the server's fully qualified domain name, using 192.168.48.5. Set the 'ServerName' directive globally to suppress this message
[Sun Aug 11 14:11:22.752109 2019] [core:warn] [pid 7] AH00098: pid file /var/run/apache2/apache2.pid overwritten -- Unclean shutdown of previous Apache run?
[Sun Aug 11 14:11:22.756293 2019] [mpm_prefork:notice] [pid 7] AH00163: Apache/2.4.25 (Debian) PHP/7.1.20 configured -- resuming normal operations
[Sun Aug 11 14:11:22.756325 2019] [core:notice] [pid 7] AH00094: Command line: '/usr/sbin/apache2 -D FOREGROUND'
AH00558: apache2: Could not reliably determine the server's fully qualified domain name, using 192.168.48.5. Set the 'ServerName' directive globally to suppress this message
[Tue Aug 13 16:34:57.850454 2019] [mpm_prefork:notice] [pid 7] AH00163: Apache/2.4.25 (Debian) PHP/7.1.20 configured -- resuming normal operations
[Tue Aug 13 16:34:57.851732 2019] [core:notice] [pid 7] AH00094: Command line: '/usr/sbin/apache2 -D FOREGROUND'
[Tue Aug 13 16:35:10.424249 2019] [autoindex:error] [pid 8] [client 192.168.48.1:33882] AH01276: Cannot serve directory /var/www/html/: No matching DirectoryIndex (index.php,index.html) found, and server-generated directory index forbidden by Options directive
AH00558: apache2: Could not reliably determine the server's fully qualified domain name, using 192.168.48.5. Set the 'ServerName' directive globally to suppress this message
[Fri Aug 16 16:19:13.253559 2019] [core:warn] [pid 7] AH00098: pid file /var/run/apache2/apache2.pid overwritten -- Unclean shutdown of previous Apache run?
[Fri Aug 16 16:19:13.256227 2019] [mpm_prefork:notice] [pid 7] AH00163: Apache/2.4.25 (Debian) PHP/7.1.20 configured -- resuming normal operations
[Fri Aug 16 16:19:13.256241 2019] [core:notice] [pid 7] AH00094: Command line: '/usr/sbin/apache2 -D FOREGROUND'
AH00558: apache2: Could not reliably determine the server's fully qualified domain name, using 192.168.48.4. Set the 'ServerName' directive globally to suppress this message
[Fri Aug 16 19:01:59.410849 2019] [core:warn] [pid 7] AH00098: pid file /var/run/apache2/apache2.pid overwritten -- Unclean shutdown of previous Apache run?
[Fri Aug 16 19:01:59.413330 2019] [mpm_prefork:notice] [pid 7] AH00163: Apache/2.4.25 (Debian) PHP/7.1.20 configured -- resuming normal operations
[Fri Aug 16 19:01:59.413352 2019] [core:notice] [pid 7] AH00094: Command line: '/usr/sbin/apache2 -D FOREGROUND'
AH00558: apache2: Could not reliably determine the server's fully qualified domain name, using 192.168.48.4. Set the 'ServerName' directive globally to suppress this message
[Sat Aug 17 04:52:50.691564 2019] [core:warn] [pid 7] AH00098: pid file /var/run/apache2/apache2.pid overwritten -- Unclean shutdown of previous Apache run?
[Sat Aug 17 04:52:50.697156 2019] [mpm_prefork:notice] [pid 7] AH00163: Apache/2.4.25 (Debian) PHP/7.1.20 configured -- resuming normal operations
[Sat Aug 17 04:52:50.697207 2019] [core:notice] [pid 7] AH00094: Command line: '/usr/sbin/apache2 -D FOREGROUND'
AH00558: apache2: Could not reliably determine the server's fully qualified domain name, using 192.168.48.4. Set the 'ServerName' directive globally to suppress this message
[Sun Aug 18 15:10:07.912045 2019] [core:warn] [pid 7] AH00098: pid file /var/run/apache2/apache2.pid overwritten -- Unclean shutdown of previous Apache run?
[Sun Aug 18 15:10:07.916891 2019] [mpm_prefork:notice] [pid 7] AH00163: Apache/2.4.25 (Debian) PHP/7.1.20 configured -- resuming normal operations
[Sun Aug 18 15:10:07.916925 2019] [core:notice] [pid 7] AH00094: Command line: '/usr/sbin/apache2 -D FOREGROUND'
AH00558: apache2: Could not reliably determine the server's fully qualified domain name, using 192.168.48.4. Set the 'ServerName' directive globally to suppress this message
[Mon Aug 19 04:06:25.009169 2019] [core:warn] [pid 8] AH00098: pid file /var/run/apache2/apache2.pid overwritten -- Unclean shutdown of previous Apache run?
[Mon Aug 19 04:06:25.010991 2019] [mpm_prefork:notice] [pid 8] AH00163: Apache/2.4.25 (Debian) PHP/7.1.20 configured -- resuming normal operations
[Mon Aug 19 04:06:25.011007 2019] [core:notice] [pid 8] AH00094: Command line: '/usr/sbin/apache2 -D FOREGROUND'
AH00558: apache2: Could not reliably determine the server's fully qualified domain name, using 192.168.48.4. Set the 'ServerName' directive globally to suppress this message
[Mon Aug 19 05:22:27.058140 2019] [core:warn] [pid 7] AH00098: pid file /var/run/apache2/apache2.pid overwritten -- Unclean shutdown of previous Apache run?
[Mon Aug 19 05:22:27.059997 2019] [mpm_prefork:notice] [pid 7] AH00163: Apache/2.4.25 (Debian) PHP/7.1.20 configured -- resuming normal operations
[Mon Aug 19 05:22:27.060024 2019] [core:notice] [pid 7] AH00094: Command line: '/usr/sbin/apache2 -D FOREGROUND'
AH00558: apache2: Could not reliably determine the server's fully qualified domain name, using 192.168.48.4. Set the 'ServerName' directive globally to suppress this message
[Mon Aug 19 15:05:44.949882 2019] [core:warn] [pid 7] AH00098: pid file /var/run/apache2/apache2.pid overwritten -- Unclean shutdown of previous Apache run?
[Mon Aug 19 15:05:44.952145 2019] [mpm_prefork:notice] [pid 7] AH00163: Apache/2.4.25 (Debian) PHP/7.1.20 configured -- resuming normal operations
[Mon Aug 19 15:05:44.952161 2019] [core:notice] [pid 7] AH00094: Command line: '/usr/sbin/apache2 -D FOREGROUND'
[Mon Aug 19 15:31:28.443276 2019] [php7:notice] [pid 9] [client 192.168.48.1:60634] An Error occurred while handling another error:\nyii\\web\\HeadersAlreadySentException: Headers already sent in /var/www/html/vendor/phpmailer/phpmailer/src/SMTP.php on line 254. in /var/www/html/vendor/yiisoft/yii2/web/Response.php:366\nStack trace:\n#0 /var/www/html/vendor/yiisoft/yii2/web/Response.php(339): yii\\web\\Response->sendHeaders()\n#1 /var/www/html/vendor/yiisoft/yii2/web/ErrorHandler.php(135): yii\\web\\Response->send()\n#2 /var/www/html/vendor/yiisoft/yii2/base/ErrorHandler.php(111): yii\\web\\ErrorHandler->renderException(Object(yii\\web\\HeadersAlreadySentException))\n#3 [internal function]: yii\\base\\ErrorHandler->handleException(Object(yii\\web\\HeadersAlreadySentException))\n#4 {main}\nPrevious exception:\nyii\\web\\HeadersAlreadySentException: Headers already sent in /var/www/html/vendor/phpmailer/phpmailer/src/SMTP.php on line 254. in /var/www/html/vendor/yiisoft/yii2/web/Response.php:366\nStack trace:\n#0 /var/www/html/vendor/yiisoft/yii2/web/Response.php(339): yii\\web\\Response->sendHeaders()\n#1 /var/www/html/vendor/yiisoft/yii2/base/Application.php(392): yii\\web\\Response->send()\n#2 /var/www/html/web/index.php(12): yii\\base\\Application->run()\n#3 {main}\n$_SERVER = [\n    'REDIRECT_STATUS' => '200',\n    'HTTP_HOST' => 'localhost',\n    'HTTP_CONNECTION' => 'keep-alive',\n    'CONTENT_LENGTH' => '824',\n    'HTTP_CACHE_CONTROL' => 'max-age=0',\n    'HTTP_UPGRADE_INSECURE_REQUESTS' => '1',\n    'HTTP_USER_AGENT' => 'Mozilla/5.0 (X11; Linux x86_64) AppleWebKit/537.36 (KHTML, like Gecko) Chrome/76.0.3809.100 Safari/537.36',\n    'HTTP_SEC_FETCH_MODE' => 'navigate',\n    'HTTP_SEC_FETCH_USER' => '?1',\n    'HTTP_ORIGIN' => 'http://localhost',\n    'CONTENT_TYPE' => 'application/x-www-form-urlencoded',\n    'HTTP_ACCEPT' => 'text/html,application/xhtml+xml,application/xml;q=0.9,image/webp,image/apng,*/*;q=0.8,application/signed-exchange;v=b3',\n    'HTTP_SEC_FETCH_SITE' => 'none',\n    'HTTP_REFERER' => 'http://localhost/index.php?r=site/entry',\n    'HTTP_ACCEPT_ENCODING' => 'gzip, deflate, br',\n    'HTTP_ACCEPT_LANGUAGE' => 'en,ru-RU;q=0.9,ru;q=0.8,en-US;q=0.7,uk;q=0.6',\n    'HTTP_COOKIE' => 'pma_lang=en; pmaUser-1=%7B%22iv%22%3A%22wUy%5C%2F3Ag%5C%2FArS0y3kPFKUDww%3D%3D%22%2C%22mac%22%3A%228e6ca8e178961024a00ae9e6986c14aa9fe9cbb8%22%2C%22payload%22%3A%22qI%2BriDOP6pYKI6R6KEv8Eg%3D%3D%22%7D; PHPSESSID=ae7a643fccdf1f3d605da0af53e9d445; _csrf=0c9098d1ae07f1e4318a71f5e8b9cbf63719a7782994f9fab63591c79c439f89a%3A2%3A%7Bi%3A0%3Bs%3A5%3A%22_csrf%22%3Bi%3A1%3Bs%3A32%3A%22OIn6UXg0McJ1PLF6bsnoIfa_KWAJpfiZ%22%3B%7D',\n    'PATH' => '/usr/local/sbin:/usr/local/bin:/usr/sbin:/usr/bin:/sbin:/bin',\n    'SERVER_SIGNATURE' => '<address>Apache/2.4.25 (Debian) Server at localhost Port 80</address>\n',\n    'SERVER_SOFTWARE' => 'Apache/2.4.25 (Debian)',\n    'SERVER_NAME' => 'localhost',\n    'SERVER_ADDR' => '192.168.48.4',\n    'SERVER_PORT' => '80',\n    'REMOTE_ADDR' => '192.168.48.1',\n    'DOCUMENT_ROOT' => '/var/www/html',\n    'REQUEST_SCHEME' => 'http',\n    'CONTEXT_PREFIX' => '',\n    'CONTEXT_DOCUMENT_ROOT' => '/var/www/html',\n    'SERVER_ADMIN' => 'webmaster@localhost',\n    'SCRIPT_FILENAME' => '/var/www/html/web/index.php',\n    'REMOTE_PORT' => '60634',\n    'REDIRECT_URL' => '/index.php',\n    'REDIRECT_QUERY_STRING' => 'r=site/entry',\n    'GATEWAY_INTERFACE' => 'CGI/1.1',\n    'SERVER_PROTOCOL' => 'HTTP/1.1',\n    'REQUEST_METHOD' => 'POST',\n    'QUERY_STRING' => 'r=site/entry',\n    'REQUEST_URI' => '/index.php?r=site/entry',\n    'SCRIPT_NAME' => '/web/index.php',\n    'PHP_SELF' => '/web/index.php',\n    'REQUEST_TIME_FLOAT' => 1566228687.391,\n    'REQUEST_TIME' => 1566228687,\n    'argv' => [\n        'r=site/entry',\n    ],\n    'argc' => 1,\n], referer: http://localhost/index.php?r=site/entry
[Mon Aug 19 15:33:21.852296 2019] [php7:notice] [pid 11] [client 192.168.48.1:60678] An Error occurred while handling another error:\nyii\\web\\HeadersAlreadySentException: Headers already sent in /var/www/html/vendor/phpmailer/phpmailer/src/SMTP.php on line 254. in /var/www/html/vendor/yiisoft/yii2/web/Response.php:366\nStack trace:\n#0 /var/www/html/vendor/yiisoft/yii2/web/Response.php(339): yii\\web\\Response->sendHeaders()\n#1 /var/www/html/vendor/yiisoft/yii2/web/ErrorHandler.php(135): yii\\web\\Response->send()\n#2 /var/www/html/vendor/yiisoft/yii2/base/ErrorHandler.php(111): yii\\web\\ErrorHandler->renderException(Object(yii\\web\\HeadersAlreadySentException))\n#3 [internal function]: yii\\base\\ErrorHandler->handleException(Object(yii\\web\\HeadersAlreadySentException))\n#4 {main}\nPrevious exception:\nyii\\web\\HeadersAlreadySentException: Headers already sent in /var/www/html/vendor/phpmailer/phpmailer/src/SMTP.php on line 254. in /var/www/html/vendor/yiisoft/yii2/web/Response.php:366\nStack trace:\n#0 /var/www/html/vendor/yiisoft/yii2/web/Response.php(339): yii\\web\\Response->sendHeaders()\n#1 /var/www/html/vendor/yiisoft/yii2/base/Application.php(392): yii\\web\\Response->send()\n#2 /var/www/html/web/index.php(12): yii\\base\\Application->run()\n#3 {main}\n$_SERVER = [\n    'REDIRECT_STATUS' => '200',\n    'HTTP_HOST' => 'localhost',\n    'HTTP_CONNECTION' => 'keep-alive',\n    'CONTENT_LENGTH' => '824',\n    'HTTP_CACHE_CONTROL' => 'max-age=0',\n    'HTTP_UPGRADE_INSECURE_REQUESTS' => '1',\n    'HTTP_USER_AGENT' => 'Mozilla/5.0 (X11; Linux x86_64) AppleWebKit/537.36 (KHTML, like Gecko) Chrome/76.0.3809.100 Safari/537.36',\n    'HTTP_SEC_FETCH_MODE' => 'navigate',\n    'HTTP_SEC_FETCH_USER' => '?1',\n    'HTTP_ORIGIN' => 'http://localhost',\n    'CONTENT_TYPE' => 'application/x-www-form-urlencoded',\n    'HTTP_ACCEPT' => 'text/html,application/xhtml+xml,application/xml;q=0.9,image/webp,image/apng,*/*;q=0.8,application/signed-exchange;v=b3',\n    'HTTP_SEC_FETCH_SITE' => 'none',\n    'HTTP_REFERER' => 'http://localhost/index.php?r=site/entry',\n    'HTTP_ACCEPT_ENCODING' => 'gzip, deflate, br',\n    'HTTP_ACCEPT_LANGUAGE' => 'en,ru-RU;q=0.9,ru;q=0.8,en-US;q=0.7,uk;q=0.6',\n    'HTTP_COOKIE' => 'pma_lang=en; pmaUser-1=%7B%22iv%22%3A%22wUy%5C%2F3Ag%5C%2FArS0y3kPFKUDww%3D%3D%22%2C%22mac%22%3A%228e6ca8e178961024a00ae9e6986c14aa9fe9cbb8%22%2C%22payload%22%3A%22qI%2BriDOP6pYKI6R6KEv8Eg%3D%3D%22%7D; PHPSESSID=ae7a643fccdf1f3d605da0af53e9d445; _csrf=0c9098d1ae07f1e4318a71f5e8b9cbf63719a7782994f9fab63591c79c439f89a%3A2%3A%7Bi%3A0%3Bs%3A5%3A%22_csrf%22%3Bi%3A1%3Bs%3A32%3A%22OIn6UXg0McJ1PLF6bsnoIfa_KWAJpfiZ%22%3B%7D',\n    'PATH' => '/usr/local/sbin:/usr/local/bin:/usr/sbin:/usr/bin:/sbin:/bin',\n    'SERVER_SIGNATURE' => '<address>Apache/2.4.25 (Debian) Server at localhost Port 80</address>\n',\n    'SERVER_SOFTWARE' => 'Apache/2.4.25 (Debian)',\n    'SERVER_NAME' => 'localhost',\n    'SERVER_ADDR' => '192.168.48.4',\n    'SERVER_PORT' => '80',\n    'REMOTE_ADDR' => '192.168.48.1',\n    'DOCUMENT_ROOT' => '/var/www/html',\n    'REQUEST_SCHEME' => 'http',\n    'CONTEXT_PREFIX' => '',\n    'CONTEXT_DOCUMENT_ROOT' => '/var/www/html',\n    'SERVER_ADMIN' => 'webmaster@localhost',\n    'SCRIPT_FILENAME' => '/var/www/html/web/index.php',\n    'REMOTE_PORT' => '60678',\n    'REDIRECT_URL' => '/index.php',\n    'REDIRECT_QUERY_STRING' => 'r=site/entry',\n    'GATEWAY_INTERFACE' => 'CGI/1.1',\n    'SERVER_PROTOCOL' => 'HTTP/1.1',\n    'REQUEST_METHOD' => 'POST',\n    'QUERY_STRING' => 'r=site/entry',\n    'REQUEST_URI' => '/index.php?r=site/entry',\n    'SCRIPT_NAME' => '/web/index.php',\n    'PHP_SELF' => '/web/index.php',\n    'REQUEST_TIME_FLOAT' => 1566228800.879,\n    'REQUEST_TIME' => 1566228800,\n    'argv' => [\n        'r=site/entry',\n    ],\n    'argc' => 1,\n], referer: http://localhost/index.php?r=site/entry
[Mon Aug 19 15:34:31.965566 2019] [php7:notice] [pid 13] [client 192.168.48.1:60696] An Error occurred while handling another error:\nyii\\web\\HeadersAlreadySentException: Headers already sent in /var/www/html/vendor/phpmailer/phpmailer/src/SMTP.php on line 254. in /var/www/html/vendor/yiisoft/yii2/web/Response.php:366\nStack trace:\n#0 /var/www/html/vendor/yiisoft/yii2/web/Response.php(339): yii\\web\\Response->sendHeaders()\n#1 /var/www/html/vendor/yiisoft/yii2/web/ErrorHandler.php(135): yii\\web\\Response->send()\n#2 /var/www/html/vendor/yiisoft/yii2/base/ErrorHandler.php(111): yii\\web\\ErrorHandler->renderException(Object(yii\\web\\HeadersAlreadySentException))\n#3 [internal function]: yii\\base\\ErrorHandler->handleException(Object(yii\\web\\HeadersAlreadySentException))\n#4 {main}\nPrevious exception:\nyii\\web\\HeadersAlreadySentException: Headers already sent in /var/www/html/vendor/phpmailer/phpmailer/src/SMTP.php on line 254. in /var/www/html/vendor/yiisoft/yii2/web/Response.php:366\nStack trace:\n#0 /var/www/html/vendor/yiisoft/yii2/web/Response.php(339): yii\\web\\Response->sendHeaders()\n#1 /var/www/html/vendor/yiisoft/yii2/base/Application.php(392): yii\\web\\Response->send()\n#2 /var/www/html/web/index.php(12): yii\\base\\Application->run()\n#3 {main}\n$_SERVER = [\n    'REDIRECT_STATUS' => '200',\n    'HTTP_HOST' => 'localhost',\n    'HTTP_CONNECTION' => 'keep-alive',\n    'CONTENT_LENGTH' => '824',\n    'HTTP_CACHE_CONTROL' => 'max-age=0',\n    'HTTP_UPGRADE_INSECURE_REQUESTS' => '1',\n    'HTTP_USER_AGENT' => 'Mozilla/5.0 (X11; Linux x86_64) AppleWebKit/537.36 (KHTML, like Gecko) Chrome/76.0.3809.100 Safari/537.36',\n    'HTTP_SEC_FETCH_MODE' => 'navigate',\n    'HTTP_SEC_FETCH_USER' => '?1',\n    'HTTP_ORIGIN' => 'http://localhost',\n    'CONTENT_TYPE' => 'application/x-www-form-urlencoded',\n    'HTTP_ACCEPT' => 'text/html,application/xhtml+xml,application/xml;q=0.9,image/webp,image/apng,*/*;q=0.8,application/signed-exchange;v=b3',\n    'HTTP_SEC_FETCH_SITE' => 'none',\n    'HTTP_REFERER' => 'http://localhost/index.php?r=site/entry',\n    'HTTP_ACCEPT_ENCODING' => 'gzip, deflate, br',\n    'HTTP_ACCEPT_LANGUAGE' => 'en,ru-RU;q=0.9,ru;q=0.8,en-US;q=0.7,uk;q=0.6',\n    'HTTP_COOKIE' => 'pma_lang=en; pmaUser-1=%7B%22iv%22%3A%22wUy%5C%2F3Ag%5C%2FArS0y3kPFKUDww%3D%3D%22%2C%22mac%22%3A%228e6ca8e178961024a00ae9e6986c14aa9fe9cbb8%22%2C%22payload%22%3A%22qI%2BriDOP6pYKI6R6KEv8Eg%3D%3D%22%7D; PHPSESSID=ae7a643fccdf1f3d605da0af53e9d445; _csrf=0c9098d1ae07f1e4318a71f5e8b9cbf63719a7782994f9fab63591c79c439f89a%3A2%3A%7Bi%3A0%3Bs%3A5%3A%22_csrf%22%3Bi%3A1%3Bs%3A32%3A%22OIn6UXg0McJ1PLF6bsnoIfa_KWAJpfiZ%22%3B%7D',\n    'PATH' => '/usr/local/sbin:/usr/local/bin:/usr/sbin:/usr/bin:/sbin:/bin',\n    'SERVER_SIGNATURE' => '<address>Apache/2.4.25 (Debian) Server at localhost Port 80</address>\n',\n    'SERVER_SOFTWARE' => 'Apache/2.4.25 (Debian)',\n    'SERVER_NAME' => 'localhost',\n    'SERVER_ADDR' => '192.168.48.4',\n    'SERVER_PORT' => '80',\n    'REMOTE_ADDR' => '192.168.48.1',\n    'DOCUMENT_ROOT' => '/var/www/html',\n    'REQUEST_SCHEME' => 'http',\n    'CONTEXT_PREFIX' => '',\n    'CONTEXT_DOCUMENT_ROOT' => '/var/www/html',\n    'SERVER_ADMIN' => 'webmaster@localhost',\n    'SCRIPT_FILENAME' => '/var/www/html/web/index.php',\n    'REMOTE_PORT' => '60696',\n    'REDIRECT_URL' => '/index.php',\n    'REDIRECT_QUERY_STRING' => 'r=site/entry',\n    'GATEWAY_INTERFACE' => 'CGI/1.1',\n    'SERVER_PROTOCOL' => 'HTTP/1.1',\n    'REQUEST_METHOD' => 'POST',\n    'QUERY_STRING' => 'r=site/entry',\n    'REQUEST_URI' => '/index.php?r=site/entry',\n    'SCRIPT_NAME' => '/web/index.php',\n    'PHP_SELF' => '/web/index.php',\n    'REQUEST_TIME_FLOAT' => 1566228870.973,\n    'REQUEST_TIME' => 1566228870,\n    'argv' => [\n        'r=site/entry',\n    ],\n    'argc' => 1,\n], referer: http://localhost/index.php?r=site/entry
[Mon Aug 19 19:03:08.664898 2019] [php7:notice] [pid 11] [client 192.168.48.1:32772] An Error occurred while handling another error:\nyii\\web\\HeadersAlreadySentException: Headers already sent in /var/www/html/vendor/phpmailer/phpmailer/src/SMTP.php on line 254. in /var/www/html/vendor/yiisoft/yii2/web/Response.php:366\nStack trace:\n#0 /var/www/html/vendor/yiisoft/yii2/web/Response.php(339): yii\\web\\Response->sendHeaders()\n#1 /var/www/html/vendor/yiisoft/yii2/web/ErrorHandler.php(135): yii\\web\\Response->send()\n#2 /var/www/html/vendor/yiisoft/yii2/base/ErrorHandler.php(111): yii\\web\\ErrorHandler->renderException(Object(yii\\web\\HeadersAlreadySentException))\n#3 [internal function]: yii\\base\\ErrorHandler->handleException(Object(yii\\web\\HeadersAlreadySentException))\n#4 {main}\nPrevious exception:\nyii\\web\\HeadersAlreadySentException: Headers already sent in /var/www/html/vendor/phpmailer/phpmailer/src/SMTP.php on line 254. in /var/www/html/vendor/yiisoft/yii2/web/Response.php:366\nStack trace:\n#0 /var/www/html/vendor/yiisoft/yii2/web/Response.php(339): yii\\web\\Response->sendHeaders()\n#1 /var/www/html/vendor/yiisoft/yii2/base/Application.php(392): yii\\web\\Response->send()\n#2 /var/www/html/web/index.php(12): yii\\base\\Application->run()\n#3 {main}\n$_SERVER = [\n    'REDIRECT_STATUS' => '200',\n    'HTTP_HOST' => 'localhost',\n    'HTTP_CONNECTION' => 'keep-alive',\n    'CONTENT_LENGTH' => '824',\n    'HTTP_CACHE_CONTROL' => 'max-age=0',\n    'HTTP_UPGRADE_INSECURE_REQUESTS' => '1',\n    'HTTP_USER_AGENT' => 'Mozilla/5.0 (X11; Linux x86_64) AppleWebKit/537.36 (KHTML, like Gecko) Chrome/76.0.3809.100 Safari/537.36',\n    'HTTP_SEC_FETCH_MODE' => 'navigate',\n    'HTTP_SEC_FETCH_USER' => '?1',\n    'HTTP_ORIGIN' => 'http://localhost',\n    'CONTENT_TYPE' => 'application/x-www-form-urlencoded',\n    'HTTP_ACCEPT' => 'text/html,application/xhtml+xml,application/xml;q=0.9,image/webp,image/apng,*/*;q=0.8,application/signed-exchange;v=b3',\n    'HTTP_SEC_FETCH_SITE' => 'none',\n    'HTTP_REFERER' => 'http://localhost/index.php?r=site/entry',\n    'HTTP_ACCEPT_ENCODING' => 'gzip, deflate, br',\n    'HTTP_ACCEPT_LANGUAGE' => 'en,ru-RU;q=0.9,ru;q=0.8,en-US;q=0.7,uk;q=0.6',\n    'HTTP_COOKIE' => 'pma_lang=en; pmaUser-1=%7B%22iv%22%3A%22wUy%5C%2F3Ag%5C%2FArS0y3kPFKUDww%3D%3D%22%2C%22mac%22%3A%228e6ca8e178961024a00ae9e6986c14aa9fe9cbb8%22%2C%22payload%22%3A%22qI%2BriDOP6pYKI6R6KEv8Eg%3D%3D%22%7D; PHPSESSID=ae7a643fccdf1f3d605da0af53e9d445; _csrf=0c9098d1ae07f1e4318a71f5e8b9cbf63719a7782994f9fab63591c79c439f89a%3A2%3A%7Bi%3A0%3Bs%3A5%3A%22_csrf%22%3Bi%3A1%3Bs%3A32%3A%22OIn6UXg0McJ1PLF6bsnoIfa_KWAJpfiZ%22%3B%7D',\n    'PATH' => '/usr/local/sbin:/usr/local/bin:/usr/sbin:/usr/bin:/sbin:/bin',\n    'SERVER_SIGNATURE' => '<address>Apache/2.4.25 (Debian) Server at localhost Port 80</address>\n',\n    'SERVER_SOFTWARE' => 'Apache/2.4.25 (Debian)',\n    'SERVER_NAME' => 'localhost',\n    'SERVER_ADDR' => '192.168.48.4',\n    'SERVER_PORT' => '80',\n    'REMOTE_ADDR' => '192.168.48.1',\n    'DOCUMENT_ROOT' => '/var/www/html',\n    'REQUEST_SCHEME' => 'http',\n    'CONTEXT_PREFIX' => '',\n    'CONTEXT_DOCUMENT_ROOT' => '/var/www/html',\n    'SERVER_ADMIN' => 'webmaster@localhost',\n    'SCRIPT_FILENAME' => '/var/www/html/web/index.php',\n    'REMOTE_PORT' => '32772',\n    'REDIRECT_URL' => '/index.php',\n    'REDIRECT_QUERY_STRING' => 'r=site/entry',\n    'GATEWAY_INTERFACE' => 'CGI/1.1',\n    'SERVER_PROTOCOL' => 'HTTP/1.1',\n    'REQUEST_METHOD' => 'POST',\n    'QUERY_STRING' => 'r=site/entry',\n    'REQUEST_URI' => '/index.php?r=site/entry',\n    'SCRIPT_NAME' => '/web/index.php',\n    'PHP_SELF' => '/web/index.php',\n    'REQUEST_TIME_FLOAT' => 1566241387.798,\n    'REQUEST_TIME' => 1566241387,\n    'argv' => [\n        'r=site/entry',\n    ],\n    'argc' => 1,\n], referer: http://localhost/index.php?r=site/entry
[Mon Aug 19 19:03:15.456301 2019] [php7:notice] [pid 9] [client 192.168.48.1:32774] An Error occurred while handling another error:\nyii\\web\\HeadersAlreadySentException: Headers already sent in /var/www/html/vendor/phpmailer/phpmailer/src/SMTP.php on line 254. in /var/www/html/vendor/yiisoft/yii2/web/Response.php:366\nStack trace:\n#0 /var/www/html/vendor/yiisoft/yii2/web/Response.php(339): yii\\web\\Response->sendHeaders()\n#1 /var/www/html/vendor/yiisoft/yii2/web/ErrorHandler.php(135): yii\\web\\Response->send()\n#2 /var/www/html/vendor/yiisoft/yii2/base/ErrorHandler.php(111): yii\\web\\ErrorHandler->renderException(Object(yii\\web\\HeadersAlreadySentException))\n#3 [internal function]: yii\\base\\ErrorHandler->handleException(Object(yii\\web\\HeadersAlreadySentException))\n#4 {main}\nPrevious exception:\nyii\\web\\HeadersAlreadySentException: Headers already sent in /var/www/html/vendor/phpmailer/phpmailer/src/SMTP.php on line 254. in /var/www/html/vendor/yiisoft/yii2/web/Response.php:366\nStack trace:\n#0 /var/www/html/vendor/yiisoft/yii2/web/Response.php(339): yii\\web\\Response->sendHeaders()\n#1 /var/www/html/vendor/yiisoft/yii2/base/Application.php(392): yii\\web\\Response->send()\n#2 /var/www/html/web/index.php(12): yii\\base\\Application->run()\n#3 {main}\n$_SERVER = [\n    'REDIRECT_STATUS' => '200',\n    'HTTP_HOST' => 'localhost',\n    'HTTP_CONNECTION' => 'keep-alive',\n    'CONTENT_LENGTH' => '824',\n    'HTTP_CACHE_CONTROL' => 'max-age=0',\n    'HTTP_UPGRADE_INSECURE_REQUESTS' => '1',\n    'HTTP_USER_AGENT' => 'Mozilla/5.0 (X11; Linux x86_64) AppleWebKit/537.36 (KHTML, like Gecko) Chrome/76.0.3809.100 Safari/537.36',\n    'HTTP_SEC_FETCH_MODE' => 'navigate',\n    'HTTP_SEC_FETCH_USER' => '?1',\n    'HTTP_ORIGIN' => 'http://localhost',\n    'CONTENT_TYPE' => 'application/x-www-form-urlencoded',\n    'HTTP_ACCEPT' => 'text/html,application/xhtml+xml,application/xml;q=0.9,image/webp,image/apng,*/*;q=0.8,application/signed-exchange;v=b3',\n    'HTTP_SEC_FETCH_SITE' => 'none',\n    'HTTP_REFERER' => 'http://localhost/index.php?r=site/entry',\n    'HTTP_ACCEPT_ENCODING' => 'gzip, deflate, br',\n    'HTTP_ACCEPT_LANGUAGE' => 'en,ru-RU;q=0.9,ru;q=0.8,en-US;q=0.7,uk;q=0.6',\n    'HTTP_COOKIE' => 'pma_lang=en; pmaUser-1=%7B%22iv%22%3A%22wUy%5C%2F3Ag%5C%2FArS0y3kPFKUDww%3D%3D%22%2C%22mac%22%3A%228e6ca8e178961024a00ae9e6986c14aa9fe9cbb8%22%2C%22payload%22%3A%22qI%2BriDOP6pYKI6R6KEv8Eg%3D%3D%22%7D; PHPSESSID=ae7a643fccdf1f3d605da0af53e9d445; _csrf=0c9098d1ae07f1e4318a71f5e8b9cbf63719a7782994f9fab63591c79c439f89a%3A2%3A%7Bi%3A0%3Bs%3A5%3A%22_csrf%22%3Bi%3A1%3Bs%3A32%3A%22OIn6UXg0McJ1PLF6bsnoIfa_KWAJpfiZ%22%3B%7D',\n    'PATH' => '/usr/local/sbin:/usr/local/bin:/usr/sbin:/usr/bin:/sbin:/bin',\n    'SERVER_SIGNATURE' => '<address>Apache/2.4.25 (Debian) Server at localhost Port 80</address>\n',\n    'SERVER_SOFTWARE' => 'Apache/2.4.25 (Debian)',\n    'SERVER_NAME' => 'localhost',\n    'SERVER_ADDR' => '192.168.48.4',\n    'SERVER_PORT' => '80',\n    'REMOTE_ADDR' => '192.168.48.1',\n    'DOCUMENT_ROOT' => '/var/www/html',\n    'REQUEST_SCHEME' => 'http',\n    'CONTEXT_PREFIX' => '',\n    'CONTEXT_DOCUMENT_ROOT' => '/var/www/html',\n    'SERVER_ADMIN' => 'webmaster@localhost',\n    'SCRIPT_FILENAME' => '/var/www/html/web/index.php',\n    'REMOTE_PORT' => '32774',\n    'REDIRECT_URL' => '/index.php',\n    'REDIRECT_QUERY_STRING' => 'r=site/entry',\n    'GATEWAY_INTERFACE' => 'CGI/1.1',\n    'SERVER_PROTOCOL' => 'HTTP/1.1',\n    'REQUEST_METHOD' => 'POST',\n    'QUERY_STRING' => 'r=site/entry',\n    'REQUEST_URI' => '/index.php?r=site/entry',\n    'SCRIPT_NAME' => '/web/index.php',\n    'PHP_SELF' => '/web/index.php',\n    'REQUEST_TIME_FLOAT' => 1566241394.549,\n    'REQUEST_TIME' => 1566241394,\n    'argv' => [\n        'r=site/entry',\n    ],\n    'argc' => 1,\n], referer: http://localhost/index.php?r=site/entry
AH00558: apache2: Could not reliably determine the server's fully qualified domain name, using 192.168.48.4. Set the 'ServerName' directive globally to suppress this message
[Tue Aug 20 09:17:05.566292 2019] [core:warn] [pid 7] AH00098: pid file /var/run/apache2/apache2.pid overwritten -- Unclean shutdown of previous Apache run?
[Tue Aug 20 09:17:05.568854 2019] [mpm_prefork:notice] [pid 7] AH00163: Apache/2.4.25 (Debian) PHP/7.1.20 configured -- resuming normal operations
[Tue Aug 20 09:17:05.568877 2019] [core:notice] [pid 7] AH00094: Command line: '/usr/sbin/apache2 -D FOREGROUND'
